#
# There is insufficient memory for the Java Runtime Environment to continue.
# Native memory allocation (mmap) failed to map 134217728 bytes for G1 virtual space
# Possible reasons:
#   The system is out of physical RAM or swap space
#   The process is running with CompressedOops enabled, and the Java Heap may be blocking the growth of the native heap
# Possible solutions:
#   Reduce memory load on the system
#   Increase physical memory or swap space
#   Check if swap backing store is full
#   Decrease Java heap size (-Xmx/-Xms)
#   Decrease number of Java threads
#   Decrease Java thread stack sizes (-Xss)
#   Set larger code cache with -XX:ReservedCodeCacheSize=
#   JVM is running with Unscaled Compressed Oops mode in which the Java heap is
#     placed in the first 4GB address space. The Java Heap base address is the
#     maximum limit for the native heap growth. Please use -XX:HeapBaseMinAddress
#     to set the Java Heap base and to place the Java Heap above 4GB virtual address.
# This output file may be truncated or incomplete.
#
#  Out of Memory Error (./open/src/hotspot/os/windows/os_windows.cpp:3472), pid=19200, tid=16604
#
# JRE version:  (15.0+36) (build )
# Java VM: OpenJDK 64-Bit Server VM (15+36-1562, mixed mode, sharing, tiered, compressed oops, g1 gc, windows-amd64)
# No core dump will be written. Minidumps are not enabled by default on client versions of Windows
#

---------------  S U M M A R Y ------------

Command Line: -Dfile.encoding=Cp1252 -XX:+ShowCodeDetailsInExceptionMessages br.com.publicaproway.desafio.AppRun

Host: AMD Ryzen 3 3200G with Radeon Vega Graphics    , 4 cores, 7G,  Windows 10 , 64 bit Build 18362 (10.0.18362.329)
Time: Tue Sep 29 21:36:23 2020 Hora oficial do Brasil elapsed time: 0.011830 seconds (0d 0h 0m 0s)

---------------  T H R E A D  ---------------

Current thread (0x000001e9733a0fb0):  JavaThread "Unknown thread" [_thread_in_vm, id=16604, stack(0x000000c85bd00000,0x000000c85be00000)]

Stack: [0x000000c85bd00000,0x000000c85be00000]
Native frames: (J=compiled Java code, j=interpreted, Vv=VM code, C=native code)
V  [jvm.dll+0x629eaa]
V  [jvm.dll+0x780379]
V  [jvm.dll+0x781ad3]
V  [jvm.dll+0x782133]
V  [jvm.dll+0x2159d5]
V  [jvm.dll+0x627299]
V  [jvm.dll+0x61bdd5]
V  [jvm.dll+0x2cf96d]
V  [jvm.dll+0x2cf7d2]
V  [jvm.dll+0x2d57ac]
V  [jvm.dll+0x32523a]
V  [jvm.dll+0x324904]
V  [jvm.dll+0x2a68ea]
V  [jvm.dll+0x2a7a88]
V  [jvm.dll+0x75d0f1]
V  [jvm.dll+0x333af4]
V  [jvm.dll+0x73d816]
V  [jvm.dll+0x3b68e7]
V  [jvm.dll+0x3b8371]
C  [jli.dll+0x52fb]
C  [ucrtbase.dll+0x1d9f2]
C  [KERNEL32.DLL+0x17bd4]
C  [ntdll.dll+0x6cee1]


---------------  P R O C E S S  ---------------

Threads class SMR info:
_java_thread_list=0x00007ffcad112fa0, length=0, elements={
}

Java Threads: ( => current thread )

Other Threads:
  0x000001e9733df780 GCTaskThread "GC Thread#0" [stack: 0x000000c85be00000,0x000000c85bf00000] [id=11064]
  0x000001e9733f0e70 ConcurrentGCThread "G1 Main Marker" [stack: 0x000000c85bf00000,0x000000c85c000000] [id=17544]
  0x000001e9733f3a80 ConcurrentGCThread "G1 Conc#0" [stack: 0x000000c85c000000,0x000000c85c100000] [id=10000]

[error occurred during error reporting (printing all threads), id 0xc0000005, EXCEPTION_ACCESS_VIOLATION (0xc0000005) at pc=0x00007ffcac9077b7]

VM state: not at safepoint (not fully initialized)

VM Mutex/Monitor currently owned by a thread:  ([mutex/lock_event])
[0x000001e97339c0f0] Heap_lock - owner thread: 0x000001e9733a0fb0

Heap address: 0x0000000081000000, size: 2032 MB, Compressed Oops mode: 32-bit
CDS archive(s) mapped at: [0x0000000000000000-0x0000000000000000-0x0000000000000000), size 0, SharedBaseAddress: 0x0000000800000000, ArchiveRelocationMode: 0.
Narrow klass base: 0x0000000000000000, Narrow klass shift: 0, Narrow klass range: 0x0

Heap:
 garbage-first heap   total 131072K, used 0K [0x0000000081000000, 0x0000000100000000)
  region size 1024K, 0 young (0K), 0 survivors (0K)
 Metaspace       used 0K, capacity 0K, committed 0K, reserved 0K
  class space    used 0K, capacity 0K, committed 0K, reserved 0K

Heap Regions: E=young(eden), S=young(survivor), O=old, HS=humongous(starts), HC=humongous(continues), CS=collection set, F=free, OA=open archive, CA=closed archive, TAMS=top-at-mark-start (previous, next)

Card table byte_map: [0x000001e97d7d0000,0x000001e97dbd0000] _byte_map_base: 0x000001e97d3c8000

Marking Bits (Prev, Next): (CMBitMap*) 0x000001e9733dff70, (CMBitMap*) 0x000001e9733dffb0
 Prev Bits: [0x000001e97dfd0000, 0x000001e97ff90000)
 Next Bits: [0x000001e90f000000, 0x000001e910fc0000)

GC Heap History (0 events):
No events

Deoptimization events (0 events):
No events

Classes unloaded (0 events):
No events

Classes redefined (0 events):
No events

Internal exceptions (0 events):
No events

Events (1 events):
Event: 0.007 Loaded shared library C:\Program Files\Java\jdk-15\bin\java.dll


Dynamic libraries:
0x00007ff68c8b0000 - 0x00007ff68c8bd000 	C:\Program Files\Java\jdk-15\bin\javaw.exe
0x00007ffcfdaa0000 - 0x00007ffcfdc90000 	C:\WINDOWS\SYSTEM32\ntdll.dll
0x00007ffcfd5d0000 - 0x00007ffcfd682000 	C:\WINDOWS\System32\KERNEL32.DLL
0x00007ffcfac30000 - 0x00007ffcfaed3000 	C:\WINDOWS\System32\KERNELBASE.dll
0x00007ffcfb660000 - 0x00007ffcfb75a000 	C:\WINDOWS\System32\ucrtbase.dll
0x00007ffcf3580000 - 0x00007ffcf3599000 	C:\Program Files\Java\jdk-15\bin\VCRUNTIME140.dll
0x00007ffcf2640000 - 0x00007ffcf2658000 	C:\Program Files\Java\jdk-15\bin\jli.dll
0x00007ffcfd390000 - 0x00007ffcfd523000 	C:\WINDOWS\System32\USER32.dll
0x00007ffcea670000 - 0x00007ffcea8f5000 	C:\WINDOWS\WinSxS\amd64_microsoft.windows.common-controls_6595b64144ccf1df_6.0.18362.356_none_e6c4af7d130f27cc\COMCTL32.dll
0x00007ffcfbb20000 - 0x00007ffcfbb41000 	C:\WINDOWS\System32\win32u.dll
0x00007ffcfc070000 - 0x00007ffcfc10e000 	C:\WINDOWS\System32\msvcrt.dll
0x00007ffcfda00000 - 0x00007ffcfda26000 	C:\WINDOWS\System32\GDI32.dll
0x00007ffcfd6c0000 - 0x00007ffcfd9f6000 	C:\WINDOWS\System32\combase.dll
0x00007ffcfb760000 - 0x00007ffcfb8f4000 	C:\WINDOWS\System32\gdi32full.dll
0x00007ffcfbea0000 - 0x00007ffcfbfc0000 	C:\WINDOWS\System32\RPCRT4.dll
0x00007ffcfab40000 - 0x00007ffcfabde000 	C:\WINDOWS\System32\msvcp_win.dll
0x00007ffcfaa60000 - 0x00007ffcfaae0000 	C:\WINDOWS\System32\bcryptPrimitives.dll
0x00007ffcfda30000 - 0x00007ffcfda5e000 	C:\WINDOWS\System32\IMM32.DLL
0x00007ffcf3640000 - 0x00007ffcf364c000 	C:\Program Files\Java\jdk-15\bin\vcruntime140_1.dll
0x00007ffcd96a0000 - 0x00007ffcd9731000 	C:\Program Files\Java\jdk-15\bin\msvcp140.dll
0x00007ffcac650000 - 0x00007ffcad1ac000 	C:\Program Files\Java\jdk-15\bin\server\jvm.dll
0x00007ffcfcc60000 - 0x00007ffcfcd03000 	C:\WINDOWS\System32\ADVAPI32.dll
0x00007ffcfd530000 - 0x00007ffcfd5c7000 	C:\WINDOWS\System32\sechost.dll
0x00007ffcfbb50000 - 0x00007ffcfbb58000 	C:\WINDOWS\System32\PSAPI.DLL
0x00007ffcee130000 - 0x00007ffcee139000 	C:\WINDOWS\SYSTEM32\WSOCK32.dll
0x00007ffcf8ae0000 - 0x00007ffcf8b04000 	C:\WINDOWS\SYSTEM32\WINMM.dll
0x00007ffcfbbc0000 - 0x00007ffcfbc2f000 	C:\WINDOWS\System32\WS2_32.dll
0x00007ffcf4150000 - 0x00007ffcf415a000 	C:\WINDOWS\SYSTEM32\VERSION.dll
0x00007ffcf8ab0000 - 0x00007ffcf8add000 	C:\WINDOWS\SYSTEM32\winmmbase.dll
0x00007ffcfabe0000 - 0x00007ffcfac2a000 	C:\WINDOWS\System32\cfgmgr32.dll
0x00007ffcfa9a0000 - 0x00007ffcfa9b1000 	C:\WINDOWS\System32\kernel.appcore.dll
0x00007ffcf8b90000 - 0x00007ffcf8b9a000 	C:\Program Files\Java\jdk-15\bin\jimage.dll
0x00007ffcebf00000 - 0x00007ffcec0f4000 	C:\WINDOWS\SYSTEM32\DBGHELP.DLL
0x00007ffcebea0000 - 0x00007ffcebeca000 	C:\WINDOWS\SYSTEM32\dbgcore.DLL
0x00007ffce80e0000 - 0x00007ffce8105000 	C:\Program Files\Java\jdk-15\bin\java.dll

dbghelp: loaded successfully - version: 4.0.5 - missing functions: none
symbol engine: initialized successfully - sym options: 0x614 - pdb path: .;C:\Program Files\Java\jdk-15\bin;C:\WINDOWS\SYSTEM32;C:\WINDOWS\WinSxS\amd64_microsoft.windows.common-controls_6595b64144ccf1df_6.0.18362.356_none_e6c4af7d130f27cc;C:\Program Files\Java\jdk-15\bin\server

VM Arguments:
jvm_args: -Dfile.encoding=Cp1252 -XX:+ShowCodeDetailsInExceptionMessages 
java_command: br.com.publicaproway.desafio.AppRun
java_class_path (initial): C:\Users\ismael.pereira\eclipse-workspace\Proj001\desafio-mvc\bin
Launcher Type: SUN_STANDARD

[Global flags]
     intx CICompilerCount                          = 3                                         {product} {ergonomic}
     uint ConcGCThreads                            = 1                                         {product} {ergonomic}
     uint G1ConcRefinementThreads                  = 4                                         {product} {ergonomic}
   size_t G1HeapRegionSize                         = 1048576                                   {product} {ergonomic}
    uintx GCDrainStackTargetSize                   = 64                                        {product} {ergonomic}
   size_t InitialHeapSize                          = 134217728                                 {product} {ergonomic}
   size_t MarkStackSize                            = 4194304                                   {product} {ergonomic}
   size_t MaxHeapSize                              = 2130706432                                {product} {ergonomic}
   size_t MinHeapDeltaBytes                        = 1048576                                   {product} {ergonomic}
   size_t MinHeapSize                              = 8388608                                   {product} {ergonomic}
    uintx NonNMethodCodeHeapSize                   = 5832780                                {pd product} {ergonomic}
    uintx NonProfiledCodeHeapSize                  = 122912730                              {pd product} {ergonomic}
    uintx ProfiledCodeHeapSize                     = 122912730                              {pd product} {ergonomic}
    uintx ReservedCodeCacheSize                    = 251658240                              {pd product} {ergonomic}
     bool SegmentedCodeCache                       = true                                      {product} {ergonomic}
     bool ShowCodeDetailsInExceptionMessages       = true                                   {manageable} {command line}
   size_t SoftMaxHeapSize                          = 2130706432                             {manageable} {ergonomic}
     bool UseCompressedClassPointers               = true                                 {lp64_product} {ergonomic}
     bool UseCompressedOops                        = true                                 {lp64_product} {ergonomic}
     bool UseG1GC                                  = true                                      {product} {ergonomic}
     bool UseLargePagesIndividualAllocation        = false                                  {pd product} {ergonomic}

Logging:
Log output configuration:
 #0: stdout all=warning uptime,level,tags
 #1: stderr all=off uptime,level,tags

Environment Variables:
JAVA_HOME=C:\Program Files\Java\jdk-15
PATH=C:/Program Files/Java/jdk-15/bin/server;C:/Program Files/Java/jdk-15/bin;C:\WINDOWS\system32;C:\WINDOWS;C:\WINDOWS\System32\Wbem;C:\WINDOWS\System32\WindowsPowerShell\v1.0\;C:\WINDOWS\System32\OpenSSH\;C:\Program Files (x86)\Windows Live\Shared;C:\Program Files\PuTTY\;C:\Program Files\Java\jdk-15\bin;C:\Users\ismael.pereira\AppData\Local\Microsoft\WindowsApps;C:\Users\ismael.pereira\AppData\Local\Programs\Git\cmd;C:\Users\ismael.pereira\Documents\eclipse;
USERNAME=ismael.pereira
OS=Windows_NT
PROCESSOR_IDENTIFIER=AMD64 Family 23 Model 24 Stepping 1, AuthenticAMD



---------------  S Y S T E M  ---------------

OS:
 Windows 10 , 64 bit Build 18362 (10.0.18362.329)
OS uptime: 11 days 8:34 hours

CPU: total 4 (initial active 4) (4 cores per cpu, 1 threads per core) family 23 model 24 stepping 1, cmov, cx8, fxsr, mmx, sse, sse2, sse3, ssse3, sse4.1, sse4.2, popcnt, vzeroupper, avx, avx2, aes, clmul, 3dnowpref, lzcnt, sse4a, tsc, tscinvbit, tscinv, bmi1, bmi2, adx, sha, fma, clflush, clflushopt

Memory: 4k page, system-wide physical 8120M (2829M free)
TotalPageFile size 22295M (AvailPageFile size 93M)
current process WorkingSet (physical memory assigned to process): 10M, peak: 10M
current process commit charge ("private bytes"): 52M, peak: 180M

vm_info: OpenJDK 64-Bit Server VM (15+36-1562) for windows-amd64 JRE (15+36-1562), built on Aug 11 2020 22:33:04 by "mach5one" with unknown MS VC++:1925

END.
